<?xml version="1.0" encoding="UTF-8"?>
<!-- Generated by org.testng.reporters.JUnitReportReporter -->
<testsuite skipped="0" hostname="DESKTOP-RFT1P83" name="com.epam.training.test.JsonFileHandlerTest" tests="2" failures="0" timestamp="21 окт 2018 20:19:24 GMT" time="0.000" errors="0">
  <testcase name="testConvertJsonObject" time="0.000" classname="com.epam.training.test.JsonFileHandlerTest"/>
  <testcase name="testNullConvertJsonObject" time="0.000" classname="com.epam.training.test.JsonFileHandlerTest"/>
</testsuite> <!-- com.epam.training.test.JsonFileHandlerTest -->
