<?xml version="1.0" encoding="UTF-8"?>
<!-- Generated by org.testng.reporters.JUnitReportReporter -->
<testsuite skipped="0" hostname="DESKTOP-RFT1P83" name="com.epam.training.test.FromDTOConverterTest" tests="3" failures="0" timestamp="21 окт 2018 20:19:24 GMT" time="0.063" errors="0">
  <testcase name="testNullConvertToCar" time="0.000" classname="com.epam.training.test.FromDTOConverterTest"/>
  <testcase name="testConvertToCar" time="0.063" classname="com.epam.training.test.FromDTOConverterTest"/>
  <testcase name="testReturnNullConvertToCar" time="0.000" classname="com.epam.training.test.FromDTOConverterTest"/>
</testsuite> <!-- com.epam.training.test.FromDTOConverterTest -->
