<?xml version="1.0" encoding="UTF-8"?>
<!-- Generated by org.testng.reporters.JUnitReportReporter -->
<testsuite skipped="0" hostname="DESKTOP-RFT1P83" name="com.epam.training.test.TaxiParkListHelperTest" tests="3" failures="0" timestamp="21 окт 2018 20:19:24 GMT" time="0.016" errors="0">
  <testcase name="testFindBySpeed" time="0.000" classname="com.epam.training.test.TaxiParkListHelperTest"/>
  <testcase name="testSortByConsumption" time="0.000" classname="com.epam.training.test.TaxiParkListHelperTest"/>
  <testcase name="testFindBySpeedException" time="0.016" classname="com.epam.training.test.TaxiParkListHelperTest"/>
</testsuite> <!-- com.epam.training.test.TaxiParkListHelperTest -->
