<?xml version="1.0" encoding="UTF-8"?>
<!-- Generated by org.testng.reporters.JUnitReportReporter -->
<testsuite skipped="0" hostname="DESKTOP-RFT1P83" name="com.epam.training.test.TaxiParkTest" tests="6" failures="0" timestamp="21 окт 2018 20:19:24 GMT" time="0.031" errors="0">
  <testcase name="testDeleteCar" time="0.000" classname="com.epam.training.test.TaxiParkTest"/>
  <testcase name="testSetCarList" time="0.000" classname="com.epam.training.test.TaxiParkTest"/>
  <testcase name="testDeleteCar" time="0.015" classname="com.epam.training.test.TaxiParkTest"/>
  <testcase name="testCreateTaxiPark" time="0.000" classname="com.epam.training.test.TaxiParkTest"/>
  <testcase name="testAddCar" time="0.016" classname="com.epam.training.test.TaxiParkTest"/>
  <testcase name="testAddCar" time="0.000" classname="com.epam.training.test.TaxiParkTest"/>
</testsuite> <!-- com.epam.training.test.TaxiParkTest -->
